[main]
IN - 1: { row: 22 }
[methodA]
IN - 5: { row: 46 }
OUT - 5: { row: 48 }
IN - 6: { row: 46 }
IN - 7: { row: 48 }
[methodB]
IN - 7: { row: 55 }
OUT - 7: { row: 57 }
IN - 8: { row: 57 }
IN - 9: { row: 57 }
[methodA]
IN - 5: { row: 46 }
OUT - 5: { row: 48 }
IN - 6: { row: 46 }
IN - 7: { row: 48 }
[methodB]
IN - 7: { row: 55 }
OUT - 7: { row: 57 }
IN - 8: { row: 57 }
IN - 9: { row: 57 }
[methodA]
IN - 5: { row: 46 }
OUT - 5: { row: 48 }
IN - 6: { row: 46 }
IN - 7: { row: 48 }
[methodB]
IN - 7: { row: 55 }
OUT - 7: { row: 57 }
IN - 8: { row: 57 }
IN - 9: { row: 57 }
[methodA]
IN - 5: { row: 46 }
OUT - 5: { row: 48 }
IN - 6: { row: 46 }
IN - 7: { row: 48 }
[methodB]
IN - 7: { row: 55 }
OUT - 7: { row: 57 }
IN - 8: { row: 57 }
IN - 9: { row: 57 }
[methodA]
IN - 5: { row: 46 }
OUT - 5: { row: 48 }
IN - 6: { row: 46 }
IN - 7: { row: 48 }
[methodB]
IN - 7: { row: 55 }
OUT - 7: { row: 57 }
IN - 8: { row: 57 }
OUT - 8: { row: 61 }
[methodA]
OUT - 7: { row: 50 }
[methodB]
IN - 7: { row: 55 }
OUT - 7: { row: 57 }
IN - 8: { row: 57 }
OUT - 8: { row: 61 }
[methodA]
OUT - 6: { row: 53 }
[methodB]
OUT - 9: { row: 59 }
OUT - 8: { row: 61 }
[methodA]
OUT - 7: { row: 50 }
[methodB]
IN - 7: { row: 55 }
OUT - 7: { row: 57 }
IN - 8: { row: 57 }
OUT - 8: { row: 61 }
[methodA]
OUT - 6: { row: 53 }
[methodB]
OUT - 9: { row: 59 }
OUT - 8: { row: 61 }
[methodA]
OUT - 7: { row: 50 }
[methodB]
IN - 7: { row: 55 }
OUT - 7: { row: 57 }
IN - 8: { row: 57 }
OUT - 8: { row: 61 }
[methodA]
OUT - 6: { row: 53 }
[methodB]
OUT - 9: { row: 59 }
OUT - 8: { row: 61 }
[methodA]
OUT - 7: { row: 50 }
[methodB]
IN - 7: { row: 55 }
OUT - 7: { row: 57 }
IN - 8: { row: 57 }
OUT - 8: { row: 61 }
[methodA]
OUT - 6: { row: 53 }
[methodB]
OUT - 9: { row: 59 }
OUT - 8: { row: 61 }
[methodA]
OUT - 7: { row: 50 }
[methodB]
IN - 7: { row: 55 }
OUT - 7: { row: 57 }
IN - 8: { row: 57 }
OUT - 8: { row: 61 }
[methodA]
OUT - 6: { row: 53 }
IN - 5: { row: 46 }
OUT - 5: { row: 48 }
IN - 6: { row: 46 }
[methodB]
IN - 7: { row: 55 }
OUT - 7: { row: 57 }
IN - 8: { row: 57 }
OUT - 8: { row: 61 }
[methodA]
OUT - 6: { row: 53 }
[methodB]
IN - 7: { row: 55 }
OUT - 7: { row: 57 }
IN - 8: { row: 57 }
OUT - 8: { row: 61 }
IN - 7: { row: 55 }
OUT - 7: { row: 57 }
IN - 8: { row: 57 }
OUT - 8: { row: 61 }
[methodA]
IN - 5: { row: 46 }
OUT - 5: { row: 48 }
IN - 6: { row: 46 }
[methodB]
IN - 7: { row: 55 }
OUT - 7: { row: 57 }
IN - 8: { row: 57 }
OUT - 8: { row: 61 }
[methodA]
OUT - 6: { row: 53 }
[main]
OUT - 1: { row: 37 }
IN - 2: { row: 37 }
IN - 2.1: { row: 37 }
OUT - 2.1: { row: 39 }
IN - 3: { row: 39 }
OUT - 3: { row: 42 }
[methodA]
IN - 5: { row: 46 }
OUT - 5: { row: 48 }
IN - 6: { row: 46 }
[methodB]
IN - 7: { row: 55 }
OUT - 7: { row: 57 }
IN - 8: { row: 57 }
OUT - 8: { row: 61 }
[methodA]
OUT - 6: { row: 53 }
[main]
OUT - 2: { row: 44 }
